<?xml version="1.0" encoding="UTF-8"?>
<!-- Generated by org.testng.reporters.JUnitXMLReporter -->
<testsuite ignored="1" hostname="Rahuls-Air" failures="0" tests="1" name="Test" time="6.307" errors="0" timestamp="26 Feb 2019 15:49:10 GMT">
  <testcase classname="com.learning.restAssured.RestAssuredExample1" name="test2" time="6.284"/>
  <testcase classname="com.learning.restAssured.RestAssuredExample1" name="test1" time="0.0">
    <ignored/>
  </testcase> <!-- test1 -->
</testsuite> <!-- Test -->
