<?xml version="1.0" encoding="UTF-8"?>
<testng-results ignored="0" total="2" passed="2" failed="0" skipped="0">
  <reporter-output>
  </reporter-output>
  <suite started-at="2019-03-02T07:43:23Z" name="Default suite" finished-at="2019-03-02T07:43:26Z" duration-ms="2986">
    <groups>
    </groups>
    <test started-at="2019-03-02T07:43:23Z" name="Default test" finished-at="2019-03-02T07:43:26Z" duration-ms="2986">
      <class name="com.learning.restAssured.RestAssuredExample1">
        <test-method signature="addPlace()[pri:0, instance:com.learning.restAssured.RestAssuredExample1@6200f9cb]" started-at="2019-03-02T07:43:23Z" name="addPlace" finished-at="2019-03-02T07:43:26Z" duration-ms="2708" status="PASS">
          <reporter-output>
          </reporter-output>
        </test-method> <!-- addPlace -->
        <test-method signature="deletePlace()[pri:0, instance:com.learning.restAssured.RestAssuredExample1@6200f9cb]" started-at="2019-03-02T07:43:26Z" name="deletePlace" finished-at="2019-03-02T07:43:26Z" depends-on-methods="com.learning.restAssured.RestAssuredExample1.addPlace" duration-ms="236" status="PASS">
          <reporter-output>
          </reporter-output>
        </test-method> <!-- deletePlace -->
      </class> <!-- com.learning.restAssured.RestAssuredExample1 -->
    </test> <!-- Default test -->
  </suite> <!-- Default suite -->
</testng-results>
